 
****************************************
Report : resources
Design : fpMultiplier
Version: G-2012.06-SP2
Date   : Fri Dec 29 00:45:09 2017
****************************************

Resource Sharing Report for design fpMultiplier in file
        /home/ahesham/Desktop/Teaching/backend_materials/mips/syn/source/fpMultiplier.v

===============================================================================
|          |              |            | Contained     |                      |
| Resource | Module       | Parameters | Resources     | Contained Operations |
===============================================================================
| r180     | DW02_mult    | A_width=24 |               | mult_21              |
|          |              | B_width=24 |               |                      |
| r182     | DW01_sub     | width=9    |               | sub_1_root_sub_1_root_add_24_2 |
| r184     | DW01_add     | width=9    |               | add_0_root_sub_1_root_add_24_2 |
| r186     | DW01_add     | width=9    |               | add_2_root_sub_1_root_add_24_2 |
===============================================================================


Implementation Report
===============================================================================
|                    |                  | Current            | Set            |
| Cell               | Module           | Implementation     | Implementation |
===============================================================================
| add_2_root_sub_1_root_add_24_2        |                    |                |
|                    | DW01_add         | rpl                |                |
| mult_21            | DW02_mult        | csa                |                |
===============================================================================


No multiplexors to report
1
