----------------------------------------
Report  : report_design_physical
          -utilization
Date    : Fri Dec 29 04:17:37 2017
Version : G-2012.06-ICC-SP2
Warning: Metal 9 tracks may not cover core area at the top side. (APL-027)
--------------------------------------------------------------------------------
                            UTILIZATION INFORMATION
--------------------------------------------------------------------------------
BLOCKAGES SECTION
-----------------
BLK Type           Count  Area(um^2)   AreaOutsideCore(um^2)
                                                           BlockedSites(unit)
Hard Placement Blockage
                       0        0.00        0.00           0
Soft Placement Blockage
                       0        0.00        0.00           ---
Partial Placement Blockage
                       0        0.00        0.00           ---
Macro Cell             0        0.00        0.00           0
Pad Cell               0        0.00        0.00           0
Fixed Standard Cell
                       3       30.59        0.00           115
Hard Keepout Margin Derived
                       0        0.00        0.00           0
Soft Keepout Margin Derived
                       0        0.00        0.00           ---
Complete PNet        ---        0.00        0.00           0
Partial PNet         ---        0.00        0.00           ---
Voltage Area Guardband
                       0        0.00        0.00           0
Exclusive Movebound Guardband
                       0        0.00        0.00           ---
Hard Keepout Distance Blockage
                       0        0.00        0.00           0
Chimney Area         ---        0.00        0.00           0

CELL INSTANCE SECTION
---------------------

 Cell Instance Type       Count           Area
  Placed Cells             3289        3660.16
    Fixed Cells               0           0.00
    Soft Fixed Cells          0           0.00
  Unplaced Cells              0           0.00

UTILIZATION RATIOS
------------------
Chip area           : 4160.16
Core area           : 3660.16
  SiteRow area      : 3660.16
Cell/Core Ratio     : 100%
Cell/Chip Ratio     : 87.9812%
(A) Logical cell sites (non-fixed) :         8712
(B) Logical cell sites (fixed) :          115
(C) All blocked sites :          115
(D) Total core sites :        13760
Cell Utilization(non-fixed) = 63.85% (A) / (D - C)
                                              (8712) / (13760 - 115)
Cell Utilization(non-fixed + fixed) = 64.15% (A + B) / (D - (C - B))
                                              (8712 + 115) / (13760 - (115 - 115))
Blockage Percentage = 0.84% (C) / (D)
                                              (115) / (13760)

PNET OPTIONS INFORMATION
------------------------
Layer     Blockage MinWidth  MinHeight Via_additive    Density   DER minWidth
                                                                            DER minHeight
metal1    none        ---       ---    Via additive     ---         ---        ---
metal2    none        ---       ---    Via additive     ---         ---        ---
metal3    none        ---       ---    Via additive     ---         ---        ---
metal4    none        ---       ---    Via additive     ---         ---        ---
metal5    none        ---       ---    Via additive     ---         ---        ---
metal6    none        ---       ---    Via additive     ---         ---        ---
metal7    none        ---       ---    Via additive     ---         ---        ---
metal8    none        ---       ---    Via additive     ---         ---        ---
metal9    none        ---       ---    Via additive     ---         ---        ---
metal10   none        ---       ---    Via additive     ---         ---        ---
