Information: Clock object is not specified; all clock nets of the design are considered. (PWR-487)
Information: Found clock clk clock net clk of port clk
 
****************************************
Report : clock_tree_power
Design : fpAdder
Version: G-2012.06-ICC-SP2
Date   : Fri Dec 29 04:17:36 2017
****************************************


Report Clock Tree Power on clock net clk/clk.


Library(s) Used:

    NangateOpenCellLibrary_ss0p95vn40c (File: /home/standard_cell_libraries/NangateOpenCellLibrary_PDKv1_3_v2010_12/lib/Front_End/Liberty/NLDM/NangateOpenCellLibrary_ss0p95vn40c.db)


Operating Conditions: worst_low   Library: NangateOpenCellLibrary_ss0p95vn40c
Wire Load Model Mode: top

Design        Wire Load Model            Library
------------------------------------------------
fpAdder                5K_hvratio_1_1    NangateOpenCellLibrary_ss0p95vn40c


Global Operating Voltage = 0.95 
Power-specific unit information :
    Voltage Units = 1V
    Capacitance Units = 1.000000ff
    Time Units = 1ns
    Dynamic Power Units = 1uW    (derived from V,C,T units)
    Leakage Power Units = 1nW




  Cell Internal Power  =  36.6409 uW   (51%)
  Net Switching Power  =  35.1508 uW   (49%)
                         ---------
Total Dynamic Power    =  71.7917 uW  (100%)

Cell Leakage Power     = 310.8441 nW

1
