 
****************************************
Report : cell
Design : registeredBooth
Version: U-2022.12-SP7
Date   : Sun Dec 24 17:50:38 2023
****************************************

Attributes:
    b - black box (unknown)
    h - hierarchical
    n - noncombinational
    p - parameterized
    r - removable
    u - contains unmapped logic

Cell                      Reference       Library             Area  Attributes
--------------------------------------------------------------------------------
AB                        genericRegister_N64             2482.790362
                                                                    h, n, p
boothMult                 boothMultiplier                 132763.854089
                                                                    h
finalOutput               genericRegister_N65             2464.358360
                                                                    h, n, p
--------------------------------------------------------------------------------
Total 3 cells                                             137711.002812
1
