 
****************************************
Report : power
        -hier
        -analysis_effort high
Design : fpAdder
Version: G-2012.06-SP2
Date   : Fri Dec 29 00:56:56 2017
****************************************


Library(s) Used:

    NangateOpenCellLibrary_ss0p95vn40c (File: /home/standard_cell_libraries/NangateOpenCellLibrary_PDKv1_3_v2010_12/lib/Front_End/Liberty/NLDM/NangateOpenCellLibrary_ss0p95vn40c.db)


Operating Conditions: worst_low   Library: NangateOpenCellLibrary_ss0p95vn40c
Wire Load Model Mode: top

Design        Wire Load Model            Library
------------------------------------------------
fpAdder                5K_hvratio_1_1    NangateOpenCellLibrary_ss0p95vn40c


Global Operating Voltage = 0.95 
Power-specific unit information :
    Voltage Units = 1V
    Capacitance Units = 1.000000ff
    Time Units = 1ns
    Dynamic Power Units = 1uW    (derived from V,C,T units)
    Leakage Power Units = 1nW


--------------------------------------------------------------------------------
                                       Switch   Int      Leak     Total
Hierarchy                              Power    Power    Power    Power    %
--------------------------------------------------------------------------------
fpAdder                                  49.494  133.701 1.09e+04  194.103 100.0
  sub_79_2 (fpAdder_DW01_sub_5)           0.354    0.621  214.211    1.190   0.6
  sub_55 (fpAdder_DW01_sub_4)             1.340    0.999  231.948    2.571   1.3
  srl_55 (fpAdder_DW_rash_1)              5.374    3.152 1.24e+03    9.762   5.0
  sub_52 (fpAdder_DW01_sub_3)             1.460    1.019  247.066    2.726   1.4
  srl_52 (fpAdder_DW_rash_0)              5.424    3.344 1.26e+03   10.033   5.2
  add_59 (fpAdder_DW01_add_0)             0.908    1.329  283.812    2.521   1.3
  add_63 (fpAdder_DW01_inc_0)             0.170    0.461   70.627    0.701   0.4
  sub_68 (fpAdder_DW01_sub_2)             2.776    2.985  678.026    6.440   3.3
  sub_70 (fpAdder_DW01_sub_1)             2.694    2.912  640.746    6.246   3.2
1
