Information: Propagating switching activity (low effort zero delay simulation). (PWR-6)
Warning: Design has unannotated primary inputs. (PWR-414)
Warning: Design has unannotated sequential cell outputs. (PWR-415)
 
****************************************
Report : power
        -analysis_effort low
Design : fpMultiplier
Version: G-2012.06-ICC-SP2
Date   : Fri Dec 29 05:36:31 2017
****************************************


Library(s) Used:

    NangateOpenCellLibrary_ss0p95vn40c (File: /home/standard_cell_libraries/NangateOpenCellLibrary_PDKv1_3_v2010_12/lib/Front_End/Liberty/NLDM/NangateOpenCellLibrary_ss0p95vn40c.db)


Operating Conditions: worst_low   Library: NangateOpenCellLibrary_ss0p95vn40c
Wire Load Model Mode: top

Design        Wire Load Model            Library
------------------------------------------------
fpMultiplier           5K_hvratio_1_1    NangateOpenCellLibrary_ss0p95vn40c


Global Operating Voltage = 0.95 
Power-specific unit information :
    Voltage Units = 1V
    Capacitance Units = 1.000000ff
    Time Units = 1ns
    Dynamic Power Units = 1uW    (derived from V,C,T units)
    Leakage Power Units = 1nW


  Cell Internal Power  = 172.8627 uW   (63%)
  Net Switching Power  = 102.3765 uW   (37%)
                         ---------
Total Dynamic Power    = 275.2392 uW  (100%)

Cell Leakage Power     =  16.1573 uW


                 Internal         Switching           Leakage            Total
Power Group      Power            Power               Power              Power   (   %    )  Attrs
--------------------------------------------------------------------------------------------------
io_pad             0.0000            0.0000            0.0000            0.0000  (   0.00%)
memory             0.0000            0.0000            0.0000            0.0000  (   0.00%)
black_box          0.0000            0.0000            0.0000            0.0000  (   0.00%)
clock_network     36.7105           34.9568          310.8441           71.9781  (  24.70%)
register          73.0684            3.5553        1.6191e+03           78.2429  (  26.85%)
sequential         0.0000            0.0000            0.0000            0.0000  (   0.00%)
combinational     63.0838           63.8645        1.4227e+04          141.1758  (  48.45%)
--------------------------------------------------------------------------------------------------
Total            172.8627 uW       102.3765 uW     1.6157e+04 nW       291.3967 uW
1
